mode: set
github.com/husamettinarabaci/SKey/pkg/app/adapter/api/http/entry.go:9.75,12.2 1 0
github.com/husamettinarabaci/SKey/pkg/app/adapter/api/http/entry.go:14.86,17.2 1 0
github.com/husamettinarabaci/SKey/pkg/app/adapter/api/http/entry.go:19.91,22.2 1 0
github.com/husamettinarabaci/SKey/pkg/app/adapter/api/http/entry.go:23.91,26.2 1 0
github.com/husamettinarabaci/SKey/pkg/app/adapter/api/http/entry.go:27.71,30.2 1 0
github.com/husamettinarabaci/SKey/pkg/app/adapter/api/http/http.go:8.27,10.2 1 0
github.com/husamettinarabaci/SKey/pkg/app/shared/dto/entry/entry.go:18.32,20.2 1 1
github.com/husamettinarabaci/SKey/pkg/app/shared/dto/entry/entry.go:22.105,31.2 1 1
github.com/husamettinarabaci/SKey/pkg/app/shared/dto/entry/entry.go:33.31,34.104 1 1
github.com/husamettinarabaci/SKey/pkg/app/shared/dto/entry/entry.go:37.2,37.14 1 1
github.com/husamettinarabaci/SKey/pkg/app/shared/dto/entry/entry.go:34.104,36.3 1 1
github.com/husamettinarabaci/SKey/pkg/app/shared/dto/entry/entry.go:40.41,41.158 1 1
github.com/husamettinarabaci/SKey/pkg/app/shared/dto/entry/entry.go:44.2,44.14 1 1
github.com/husamettinarabaci/SKey/pkg/app/shared/dto/entry/entry.go:41.158,43.3 1 1
github.com/husamettinarabaci/SKey/pkg/app/shared/dto/entry/entry.go:47.38,58.2 1 0
github.com/husamettinarabaci/SKey/internal/domain/entry/model/object/username.go:5.35,7.2 1 1
github.com/husamettinarabaci/SKey/internal/domain/entry/model/object/username.go:9.44,11.2 1 1
github.com/husamettinarabaci/SKey/internal/domain/entry/model/object/username.go:13.34,15.2 1 1
github.com/husamettinarabaci/SKey/internal/domain/entry/model/object/username.go:17.50,19.2 1 1
github.com/husamettinarabaci/SKey/internal/domain/entry/model/object/entry.go:11.32,13.2 1 1
github.com/husamettinarabaci/SKey/internal/domain/entry/model/object/entry.go:15.92,23.2 1 1
github.com/husamettinarabaci/SKey/internal/domain/entry/model/object/entry.go:25.31,27.110 2 1
github.com/husamettinarabaci/SKey/internal/domain/entry/model/object/entry.go:30.2,30.16 1 1
github.com/husamettinarabaci/SKey/internal/domain/entry/model/object/entry.go:27.110,29.3 1 1
github.com/husamettinarabaci/SKey/internal/domain/entry/model/object/entry.go:33.41,35.163 2 1
github.com/husamettinarabaci/SKey/internal/domain/entry/model/object/entry.go:38.2,38.16 1 1
github.com/husamettinarabaci/SKey/internal/domain/entry/model/object/entry.go:35.163,37.3 1 1
github.com/husamettinarabaci/SKey/internal/domain/entry/model/object/note.go:5.31,7.2 1 1
github.com/husamettinarabaci/SKey/internal/domain/entry/model/object/note.go:9.32,11.2 1 1
github.com/husamettinarabaci/SKey/internal/domain/entry/model/object/note.go:13.30,15.2 1 1
github.com/husamettinarabaci/SKey/internal/domain/entry/model/object/note.go:17.38,19.2 1 1
github.com/husamettinarabaci/SKey/internal/domain/entry/model/object/password.go:5.35,7.2 1 1
github.com/husamettinarabaci/SKey/internal/domain/entry/model/object/password.go:9.44,11.2 1 1
github.com/husamettinarabaci/SKey/internal/domain/entry/model/object/password.go:13.34,15.2 1 1
github.com/husamettinarabaci/SKey/internal/domain/entry/model/object/password.go:17.50,19.2 1 1
github.com/husamettinarabaci/SKey/internal/domain/entry/model/object/title.go:5.32,7.2 1 1
github.com/husamettinarabaci/SKey/internal/domain/entry/model/object/title.go:9.35,11.2 1 1
github.com/husamettinarabaci/SKey/internal/domain/entry/model/object/title.go:13.31,15.2 1 1
github.com/husamettinarabaci/SKey/internal/domain/entry/model/object/title.go:17.41,19.2 1 1
github.com/husamettinarabaci/SKey/internal/domain/entry/model/object/uid.go:7.30,9.2 1 1
github.com/husamettinarabaci/SKey/internal/domain/entry/model/object/uid.go:11.24,13.2 1 1
github.com/husamettinarabaci/SKey/internal/domain/entry/model/object/uid.go:15.29,17.2 1 1
github.com/husamettinarabaci/SKey/internal/domain/entry/model/object/uid.go:19.29,21.2 1 1
github.com/husamettinarabaci/SKey/internal/domain/entry/model/object/uid.go:23.35,25.2 1 1
github.com/husamettinarabaci/SKey/internal/domain/entry/model/object/uid.go:27.33,30.2 2 1
github.com/husamettinarabaci/SKey/internal/domain/entry/model/object/url.go:5.30,7.2 1 1
github.com/husamettinarabaci/SKey/internal/domain/entry/model/object/url.go:9.29,11.2 1 1
github.com/husamettinarabaci/SKey/internal/domain/entry/model/object/url.go:13.29,15.2 1 1
github.com/husamettinarabaci/SKey/internal/domain/entry/model/object/url.go:17.35,19.2 1 1
github.com/husamettinarabaci/SKey/internal/domain/entry/model/entity/entry.go:12.32,14.2 1 1
github.com/husamettinarabaci/SKey/internal/domain/entry/model/entity/entry.go:16.52,21.2 1 1
github.com/husamettinarabaci/SKey/internal/domain/entry/model/entity/entry.go:23.31,25.2 1 1
github.com/husamettinarabaci/SKey/internal/domain/entry/model/entity/entry.go:27.41,29.2 1 1
github.com/husamettinarabaci/SKey/pkg/infra/adapter/mysql/entry.go:13.97,16.2 1 0
github.com/husamettinarabaci/SKey/pkg/infra/adapter/mysql/entry.go:17.96,20.2 1 0
github.com/husamettinarabaci/SKey/pkg/infra/adapter/mysql/entry.go:21.83,24.2 1 0
github.com/husamettinarabaci/SKey/pkg/infra/adapter/mysql/entry.go:25.98,28.2 1 0
github.com/husamettinarabaci/SKey/pkg/infra/adapter/mysql/entry.go:29.80,32.2 1 0
github.com/husamettinarabaci/SKey/pkg/app/service/handler/api/http/entry.go:8.56,10.16 2 0
github.com/husamettinarabaci/SKey/pkg/app/service/handler/api/http/entry.go:10.16,15.3 2 0
github.com/husamettinarabaci/SKey/pkg/app/service/handler/api/http/entry.go:15.8,20.3 2 0
github.com/husamettinarabaci/SKey/pkg/app/service/handler/api/http/entry.go:23.57,26.16 3 0
github.com/husamettinarabaci/SKey/pkg/app/service/handler/api/http/entry.go:26.16,31.3 2 0
github.com/husamettinarabaci/SKey/pkg/app/service/handler/api/http/entry.go:31.8,36.3 2 0
github.com/husamettinarabaci/SKey/pkg/app/service/handler/api/http/entry.go:39.56,42.16 3 0
github.com/husamettinarabaci/SKey/pkg/app/service/handler/api/http/entry.go:48.2,49.16 2 0
github.com/husamettinarabaci/SKey/pkg/app/service/handler/api/http/entry.go:42.16,47.3 2 0
github.com/husamettinarabaci/SKey/pkg/app/service/handler/api/http/entry.go:49.16,54.3 2 0
github.com/husamettinarabaci/SKey/pkg/app/service/handler/api/http/entry.go:54.8,59.3 2 0
github.com/husamettinarabaci/SKey/pkg/app/service/handler/api/http/entry.go:62.56,65.16 3 0
github.com/husamettinarabaci/SKey/pkg/app/service/handler/api/http/entry.go:71.2,72.16 2 0
github.com/husamettinarabaci/SKey/pkg/app/service/handler/api/http/entry.go:65.16,70.3 2 0
github.com/husamettinarabaci/SKey/pkg/app/service/handler/api/http/entry.go:72.16,77.3 2 0
github.com/husamettinarabaci/SKey/pkg/app/service/handler/api/http/entry.go:77.8,82.3 2 0
github.com/husamettinarabaci/SKey/pkg/app/service/handler/api/http/entry.go:85.56,88.16 3 0
github.com/husamettinarabaci/SKey/pkg/app/service/handler/api/http/entry.go:88.16,93.3 2 0
github.com/husamettinarabaci/SKey/pkg/app/service/handler/api/http/entry.go:93.8,96.3 2 0
github.com/husamettinarabaci/SKey/pkg/app/service/handler/api/http/http.go:12.77,24.2 7 0
github.com/husamettinarabaci/SKey/cmd/entry/main.go:9.13,20.2 4 0
