mode: set
github.com/husamettinarabaci/SKey/pkg/domain/entry/model/object/url.go:5.30,7.2 1 1
github.com/husamettinarabaci/SKey/pkg/domain/entry/model/object/url.go:9.29,11.2 1 1
github.com/husamettinarabaci/SKey/pkg/domain/entry/model/object/url.go:13.29,15.2 1 1
github.com/husamettinarabaci/SKey/pkg/domain/entry/model/object/url.go:17.35,19.2 1 1
github.com/husamettinarabaci/SKey/pkg/domain/entry/model/object/username.go:5.35,7.2 1 1
github.com/husamettinarabaci/SKey/pkg/domain/entry/model/object/username.go:9.44,11.2 1 1
github.com/husamettinarabaci/SKey/pkg/domain/entry/model/object/username.go:13.34,15.2 1 1
github.com/husamettinarabaci/SKey/pkg/domain/entry/model/object/username.go:17.50,19.2 1 1
github.com/husamettinarabaci/SKey/pkg/domain/entry/model/object/entry.go:11.32,13.2 1 1
github.com/husamettinarabaci/SKey/pkg/domain/entry/model/object/entry.go:15.92,23.2 1 1
github.com/husamettinarabaci/SKey/pkg/domain/entry/model/object/entry.go:25.31,27.110 2 1
github.com/husamettinarabaci/SKey/pkg/domain/entry/model/object/entry.go:30.2,30.16 1 1
github.com/husamettinarabaci/SKey/pkg/domain/entry/model/object/entry.go:27.110,29.3 1 1
github.com/husamettinarabaci/SKey/pkg/domain/entry/model/object/entry.go:33.41,35.163 2 1
github.com/husamettinarabaci/SKey/pkg/domain/entry/model/object/entry.go:38.2,38.16 1 1
github.com/husamettinarabaci/SKey/pkg/domain/entry/model/object/entry.go:35.163,37.3 1 1
github.com/husamettinarabaci/SKey/pkg/domain/entry/model/object/note.go:5.31,7.2 1 1
github.com/husamettinarabaci/SKey/pkg/domain/entry/model/object/note.go:9.32,11.2 1 1
github.com/husamettinarabaci/SKey/pkg/domain/entry/model/object/note.go:13.30,15.2 1 1
github.com/husamettinarabaci/SKey/pkg/domain/entry/model/object/note.go:17.38,19.2 1 1
github.com/husamettinarabaci/SKey/pkg/domain/entry/model/object/password.go:5.35,7.2 1 1
github.com/husamettinarabaci/SKey/pkg/domain/entry/model/object/password.go:9.44,11.2 1 1
github.com/husamettinarabaci/SKey/pkg/domain/entry/model/object/password.go:13.34,15.2 1 1
github.com/husamettinarabaci/SKey/pkg/domain/entry/model/object/password.go:17.50,19.2 1 1
github.com/husamettinarabaci/SKey/pkg/domain/entry/model/object/title.go:5.32,7.2 1 1
github.com/husamettinarabaci/SKey/pkg/domain/entry/model/object/title.go:9.35,11.2 1 1
github.com/husamettinarabaci/SKey/pkg/domain/entry/model/object/title.go:13.31,15.2 1 1
github.com/husamettinarabaci/SKey/pkg/domain/entry/model/object/title.go:17.41,19.2 1 1
github.com/husamettinarabaci/SKey/pkg/domain/entry/model/object/uid.go:7.30,9.2 1 1
github.com/husamettinarabaci/SKey/pkg/domain/entry/model/object/uid.go:11.24,13.2 1 1
github.com/husamettinarabaci/SKey/pkg/domain/entry/model/object/uid.go:15.29,17.2 1 1
github.com/husamettinarabaci/SKey/pkg/domain/entry/model/object/uid.go:19.29,21.2 1 1
github.com/husamettinarabaci/SKey/pkg/domain/entry/model/object/uid.go:23.35,25.2 1 1
github.com/husamettinarabaci/SKey/pkg/domain/entry/model/object/uid.go:27.33,30.2 2 1
github.com/husamettinarabaci/SKey/pkg/domain/entry/model/entity/entry.go:12.32,14.2 1 1
github.com/husamettinarabaci/SKey/pkg/domain/entry/model/entity/entry.go:16.52,21.2 1 1
github.com/husamettinarabaci/SKey/pkg/domain/entry/model/entity/entry.go:23.31,25.2 1 1
github.com/husamettinarabaci/SKey/pkg/domain/entry/model/entity/entry.go:27.41,29.2 1 1
